<?xml version="1.0" encoding="UTF-8"?>
<testsuite xmlns:xsi="http://www.w3.org/2001/XMLSchema-instance" xsi:noNamespaceSchemaLocation="https://maven.apache.org/surefire/maven-surefire-plugin/xsd/surefire-test-report.xsd" version="3.0.2" name="com.example.disiprojectbackend.controllers.LikeControllerTest" time="0.048" tests="2" errors="0" skipped="0" failures="0">
  <properties>
[...]
</properties>
  <testcase name="deleteLike_success" classname="com.example.disiprojectbackend.controllers.LikeControllerTest" time="0.041">
    <system-out><![CDATA[23:52:40.179 [main] INFO com.example.disiprojectbackend.controllers.LikeController -- Like for post c216f9e2-4b60-4d3f-bd76-044e35f3ca87 by user c206e40c-7b08-4dc7-808a-a2af596ac365 was deleted
]]></system-out>
  </testcase>
  <testcase name="insertLike_success" classname="com.example.disiprojectbackend.controllers.LikeControllerTest" time="0.007">
    <system-out><![CDATA[23:52:40.186 [main] INFO com.example.disiprojectbackend.controllers.LikeController -- Like with id ce8359f8-8faf-43cc-9394-c7cddbd65fbd was inserted in the database
]]></system-out>
  </testcase>
</testsuite>