<?xml version="1.0" encoding="UTF-8"?>
<testsuite xmlns:xsi="http://www.w3.org/2001/XMLSchema-instance" xsi:noNamespaceSchemaLocation="https://maven.apache.org/surefire/maven-surefire-plugin/xsd/surefire-test-report.xsd" version="3.0.2" name="com.example.friendships.FriendshipsApplicationTests" time="6.582" tests="1" errors="0" skipped="0" failures="0">
  <properties>
[...]
</properties>
  <testcase name="contextLoads" classname="com.example.friendships.FriendshipsApplicationTests" time="0.845">
    <system-out><![CDATA[23:53:21.526 [main] INFO org.springframework.test.context.support.AnnotationConfigContextLoaderUtils -- Could not detect default configuration classes for test class [com.example.friendships.FriendshipsApplicationTests]: FriendshipsApplicationTests does not declare any static, non-private, non-final, nested classes annotated with @Configuration.
23:53:21.707 [main] INFO org.springframework.boot.test.context.SpringBootTestContextBootstrapper -- Found @SpringBootConfiguration com.example.friendships.FriendshipsApplication for test class com.example.friendships.FriendshipsApplicationTests

  .   ____          _            __ _ _
 /\\ / ___'_ __ _ _(_)_ __  __ _ \ \ \ \
( ( )\___ | '_ | '_| | '_ \/ _` | \ \ \ \
 \\/  ___)| |_)| | | | | || (_| |  ) ) ) )
  '  |____| .__|_| |_|_| |_\__, | / / / /
 =========|_|==============|___/=/_/_/_/

 :: Spring Boot ::                (v3.4.5)

2025-05-22T23:53:22.443+03:00  INFO 30560 --- [Friendships] [           main] c.e.f.FriendshipsApplicationTests        : Starting FriendshipsApplicationTests using Java 17.0.12 with PID 30560 (started by fabi1 in C:\Users\fabi1\Desktop\ConnectifyApp\friendships)
2025-05-22T23:53:22.443+03:00  INFO 30560 --- [Friendships] [           main] c.e.f.FriendshipsApplicationTests        : No active profile set, falling back to 1 default profile: "default"
2025-05-22T23:53:23.424+03:00  INFO 30560 --- [Friendships] [           main] .s.d.r.c.RepositoryConfigurationDelegate : Bootstrapping Spring Data Neo4j repositories in DEFAULT mode.
2025-05-22T23:53:23.677+03:00  INFO 30560 --- [Friendships] [           main] .s.d.r.c.RepositoryConfigurationDelegate : Finished Spring Data repository scanning in 228 ms. Found 0 Neo4j repository interfaces.
2025-05-22T23:53:23.693+03:00  INFO 30560 --- [Friendships] [           main] .s.d.r.c.RepositoryConfigurationDelegate : Bootstrapping Spring Data Neo4j repositories in DEFAULT mode.
2025-05-22T23:53:23.740+03:00  INFO 30560 --- [Friendships] [           main] .s.d.r.c.RepositoryConfigurationDelegate : Finished Spring Data repository scanning in 45 ms. Found 1 Neo4j repository interface.
2025-05-22T23:53:24.926+03:00  INFO 30560 --- [Friendships] [           main] o.neo4j.driver.internal.DriverFactory    : Direct driver instance 1746668262 created for server address localhost:7687
2025-05-22T23:53:26.367+03:00  WARN 30560 --- [Friendships] [           main] ion$DefaultTemplateResolverConfiguration : Cannot find template location: classpath:/templates/ (please add some templates, check your Thymeleaf configuration, or set spring.thymeleaf.check-template-location=false)
2025-05-22T23:53:26.639+03:00  INFO 30560 --- [Friendships] [           main] o.s.a.r.c.CachingConnectionFactory       : Attempting to connect to: [localhost:5672]
2025-05-22T23:53:26.742+03:00  INFO 30560 --- [Friendships] [           main] o.s.a.r.c.CachingConnectionFactory       : Created new connection: rabbitConnectionFactory#aca2fc3:0/SimpleConnection@6c1b82cd [delegate=amqp://guest@127.0.0.1:5672/, localPort=50247]
2025-05-22T23:53:26.809+03:00  INFO 30560 --- [Friendships] [           main] c.e.f.FriendshipsApplicationTests        : Started FriendshipsApplicationTests in 4.78 seconds (process running for 6.511)
]]></system-out>
  </testcase>
</testsuite>