<?xml version="1.0" encoding="UTF-8"?>
<testsuite xmlns:xsi="http://www.w3.org/2001/XMLSchema-instance" xsi:noNamespaceSchemaLocation="https://maven.apache.org/surefire/maven-surefire-plugin/xsd/surefire-test-report.xsd" version="3.0.2" name="com.email.EmailMicroservice.EmailMicroserviceApplicationTests" time="6.888" tests="1" errors="0" skipped="0" failures="0">
  <properties>
[...]
</properties>
  <testcase name="contextLoads" classname="com.email.EmailMicroservice.EmailMicroserviceApplicationTests" time="0.636">
    <system-out><![CDATA[23:55:22.030 [main] INFO org.springframework.test.context.support.AnnotationConfigContextLoaderUtils -- Could not detect default configuration classes for test class [com.email.EmailMicroservice.EmailMicroserviceApplicationTests]: EmailMicroserviceApplicationTests does not declare any static, non-private, non-final, nested classes annotated with @Configuration.
23:55:22.187 [main] INFO org.springframework.boot.test.context.SpringBootTestContextBootstrapper -- Found @SpringBootConfiguration com.email.EmailMicroservice.EmailMicroserviceApplication for test class com.email.EmailMicroservice.EmailMicroserviceApplicationTests
23:55:22.463 [main] INFO org.springframework.boot.devtools.restart.RestartApplicationListener -- Restart disabled due to context in which it is running

  .   ____          _            __ _ _
 /\\ / ___'_ __ _ _(_)_ __  __ _ \ \ \ \
( ( )\___ | '_ | '_| | '_ \/ _` | \ \ \ \
 \\/  ___)| |_)| | | | | || (_| |  ) ) ) )
  '  |____| .__|_| |_|_| |_\__, | / / / /
 =========|_|==============|___/=/_/_/_/

 :: Spring Boot ::                (v3.4.5)

2025-05-22T23:55:22.890+03:00  INFO 27552 --- [EmailMicroservice] [           main] c.e.E.EmailMicroserviceApplicationTests  : Starting EmailMicroserviceApplicationTests using Java 17.0.12 with PID 27552 (started by fabi1 in C:\Users\fabi1\Desktop\ConnectifyApp\passwordReset)
2025-05-22T23:55:22.895+03:00  INFO 27552 --- [EmailMicroservice] [           main] c.e.E.EmailMicroserviceApplicationTests  : No active profile set, falling back to 1 default profile: "default"
2025-05-22T23:55:23.801+03:00  INFO 27552 --- [EmailMicroservice] [           main] .s.d.r.c.RepositoryConfigurationDelegate : Bootstrapping Spring Data JPA repositories in DEFAULT mode.
2025-05-22T23:55:23.830+03:00  INFO 27552 --- [EmailMicroservice] [           main] .s.d.r.c.RepositoryConfigurationDelegate : Finished Spring Data repository scanning in 20 ms. Found 0 JPA repository interfaces.
2025-05-22T23:55:24.802+03:00  INFO 27552 --- [EmailMicroservice] [           main] o.hibernate.jpa.internal.util.LogHelper  : HHH000204: Processing PersistenceUnitInfo [name: default]
2025-05-22T23:55:24.922+03:00  INFO 27552 --- [EmailMicroservice] [           main] org.hibernate.Version                    : HHH000412: Hibernate ORM core version 6.6.13.Final
2025-05-22T23:55:24.986+03:00  INFO 27552 --- [EmailMicroservice] [           main] o.h.c.internal.RegionFactoryInitiator    : HHH000026: Second-level cache disabled
2025-05-22T23:55:25.603+03:00  INFO 27552 --- [EmailMicroservice] [           main] o.s.o.j.p.SpringPersistenceUnitInfo      : No LoadTimeWeaver setup: ignoring JPA class transformer
2025-05-22T23:55:25.693+03:00  INFO 27552 --- [EmailMicroservice] [           main] com.zaxxer.hikari.HikariDataSource       : HikariPool-1 - Starting...
2025-05-22T23:55:26.031+03:00  INFO 27552 --- [EmailMicroservice] [           main] com.zaxxer.hikari.pool.HikariPool        : HikariPool-1 - Added connection org.postgresql.jdbc.PgConnection@19faedcc
2025-05-22T23:55:26.031+03:00  INFO 27552 --- [EmailMicroservice] [           main] com.zaxxer.hikari.HikariDataSource       : HikariPool-1 - Start completed.
2025-05-22T23:55:26.138+03:00  WARN 27552 --- [EmailMicroservice] [           main] org.hibernate.orm.deprecation            : HHH90000025: PostgreSQLDialect does not need to be specified explicitly using 'hibernate.dialect' (remove the property setting and it will be selected by default)
2025-05-22T23:55:26.179+03:00  INFO 27552 --- [EmailMicroservice] [           main] org.hibernate.orm.connections.pooling    : HHH10001005: Database info:
	Database JDBC URL [Connecting through datasource 'HikariDataSource (HikariPool-1)']
	Database driver: undefined/unknown
	Database version: 16.8
	Autocommit mode: undefined/unknown
	Isolation level: undefined/unknown
	Minimum pool size: undefined/unknown
	Maximum pool size: undefined/unknown
2025-05-22T23:55:26.691+03:00  INFO 27552 --- [EmailMicroservice] [           main] o.h.e.t.j.p.i.JtaPlatformInitiator       : HHH000489: No JTA platform available (set 'hibernate.transaction.jta.platform' to enable JTA platform integration)
2025-05-22T23:55:26.708+03:00  INFO 27552 --- [EmailMicroservice] [           main] j.LocalContainerEntityManagerFactoryBean : Initialized JPA EntityManagerFactory for persistence unit 'default'
2025-05-22T23:55:27.216+03:00  WARN 27552 --- [EmailMicroservice] [           main] JpaBaseConfiguration$JpaWebConfiguration : spring.jpa.open-in-view is enabled by default. Therefore, database queries may be performed during view rendering. Explicitly configure spring.jpa.open-in-view to disable this warning
2025-05-22T23:55:27.522+03:00  WARN 27552 --- [EmailMicroservice] [           main] ion$DefaultTemplateResolverConfiguration : Cannot find template location: classpath:/templates/ (please add some templates, check your Thymeleaf configuration, or set spring.thymeleaf.check-template-location=false)
2025-05-22T23:55:27.801+03:00  INFO 27552 --- [EmailMicroservice] [           main] o.s.a.r.c.CachingConnectionFactory       : Attempting to connect to: [localhost:5672]
2025-05-22T23:55:27.848+03:00  INFO 27552 --- [EmailMicroservice] [           main] o.s.a.r.c.CachingConnectionFactory       : Created new connection: rabbitConnectionFactory#771d4db:0/SimpleConnection@137d04d8 [delegate=amqp://guest@127.0.0.1:5672/, localPort=50316]
2025-05-22T23:55:27.944+03:00  INFO 27552 --- [EmailMicroservice] [           main] c.e.E.EmailMicroserviceApplicationTests  : Started EmailMicroserviceApplicationTests in 5.518 seconds (process running for 6.932)
]]></system-out>
  </testcase>
</testsuite>